ERROR:root:Calculation failed
Traceback (most recent call last):
  File "C:\Febin\Upskilling\Python\Autonomous Driving\01_python_foundation\exceptions_logging.py", line 13, in <module>
    value = 10 / 0
            ~~~^~~
ZeroDivisionError: division by zero
ERROR:root:Calculation failed
Traceback (most recent call last):
  File "C:\Febin\Upskilling\Python\Autonomous Driving\01_python_foundation\exceptions_logging.py", line 14, in <module>
    value = 10 / 0
            ~~~^~~
ZeroDivisionError: division by zero
ERROR:root:Calculation failed
Traceback (most recent call last):
  File "C:\Febin\Upskilling\Python\Autonomous Driving\01_python_foundation\exceptions_logging.py", line 14, in <module>
    value = 10 / 0
            ~~~^~~
ZeroDivisionError: division by zero
ERROR:root:Calculation failed
Traceback (most recent call last):
  File "C:\Febin\Upskilling\Python\Autonomous Driving\01_python_foundation\exceptions_logging.py", line 14, in <module>
    value = 10 / 0
            ~~~^~~
ZeroDivisionError: division by zero
ERROR:root:Calculation failed
Traceback (most recent call last):
  File "C:\Febin\Upskilling\Python\Autonomous Driving\01_python_foundation\exceptions_logging.py", line 14, in <module>
    value = 10 / 0
            ~~~^~~
ZeroDivisionError: division by zero
ERROR:root:Calculation failed
Traceback (most recent call last):
  File "C:\Febin\Upskilling\Python\Autonomous Driving\01_python_foundation\exceptions_logging.py", line 14, in <module>
    value = 10 / 0
            ~~~^~~
ZeroDivisionError: division by zero
ERROR:root:Calculation failed
Traceback (most recent call last):
  File "C:\Febin\Upskilling\Python\Autonomous Driving\01_python_foundation\exceptions_logging.py", line 14, in <module>
    value = 10 / 0
            ~~~^~~
ZeroDivisionError: division by zero
